[2018/11/15 19:14:42: 801] init all weights is successed
[2018/11/15 19:14:42: 801] ------ start of training : loss="SoftmaxWithLoss", optimizer="Adagrad", opt_policy="Step by Epoch", opt_gama=0.999000, opt_step=1, data=60000, batch count=600, batch size=100
[2018/11/15 19:14:45: 585] epoch[00000000] lr[0.010000 ~ 0.009990] - learning : loss=0.100574, accuracy=0.969717
onehot results -->
learning : total 60000
layer : uid = 8
	0 class : target 5923, output 5934, accord 5815
	1 class : target 6742, output 6780, accord 6645
	2 class : target 5958, output 5994, accord 5756
	3 class : target 6131, output 6133, accord 5928
	4 class : target 5842, output 5854, accord 5656
	5 class : target 5421, output 5405, accord 5235
	6 class : target 5918, output 5921, accord 5802
	7 class : target 6265, output 6254, accord 6080
	8 class : target 5851, output 5811, accord 5609
	9 class : target 5949, output 5914, accord 5657
<- onehot results

[2018/11/15 19:14:48: 319] epoch[00000001] lr[0.009990 ~ 0.009980] - learning : loss=0.031455, accuracy=0.991100
onehot results -->
learning : total 60000
layer : uid = 8
	0 class : target 5923, output 5928, accord 5896
	1 class : target 6742, output 6748, accord 6709
	2 class : target 5958, output 5969, accord 5907
	3 class : target 6131, output 6110, accord 6071
	4 class : target 5842, output 5848, accord 5790
	5 class : target 5421, output 5427, accord 5371
	6 class : target 5918, output 5924, accord 5882
	7 class : target 6265, output 6270, accord 6206
	8 class : target 5851, output 5843, accord 5778
	9 class : target 5949, output 5933, accord 5856
<- onehot results

[2018/11/15 19:14:51: 025] epoch[00000002] lr[0.009980 ~ 0.009970] - learning : loss=0.019992, accuracy=0.995067
onehot results -->
learning : total 60000
layer : uid = 8
	0 class : target 5923, output 5925, accord 5908
	1 class : target 6742, output 6748, accord 6722
	2 class : target 5958, output 5958, accord 5929
	3 class : target 6131, output 6115, accord 6100
	4 class : target 5842, output 5858, accord 5818
	5 class : target 5421, output 5418, accord 5393
	6 class : target 5918, output 5929, accord 5901
	7 class : target 6265, output 6272, accord 6230
	8 class : target 5851, output 5848, accord 5812
	9 class : target 5949, output 5929, accord 5891
<- onehot results

[2018/11/15 19:14:53: 735] epoch[00000003] lr[0.009970 ~ 0.009960] - learning : loss=0.014095, accuracy=0.997133
onehot results -->
learning : total 60000
layer : uid = 8
	0 class : target 5923, output 5927, accord 5918
	1 class : target 6742, output 6746, accord 6728
	2 class : target 5958, output 5966, accord 5948
	3 class : target 6131, output 6122, accord 6112
	4 class : target 5842, output 5851, accord 5827
	5 class : target 5421, output 5417, accord 5406
	6 class : target 5918, output 5921, accord 5904
	7 class : target 6265, output 6266, accord 6243
	8 class : target 5851, output 5850, accord 5831
	9 class : target 5949, output 5934, accord 5911
<- onehot results

[2018/11/15 19:14:56: 437] epoch[00000004] lr[0.009960 ~ 0.009950] - learning : loss=0.010434, accuracy=0.998200
onehot results -->
learning : total 60000
layer : uid = 8
	0 class : target 5923, output 5927, accord 5922
	1 class : target 6742, output 6745, accord 6730
	2 class : target 5958, output 5955, accord 5950
	3 class : target 6131, output 6126, accord 6120
	4 class : target 5842, output 5844, accord 5830
	5 class : target 5421, output 5418, accord 5412
	6 class : target 5918, output 5919, accord 5910
	7 class : target 6265, output 6276, accord 6253
	8 class : target 5851, output 5847, accord 5837
	9 class : target 5949, output 5943, accord 5928
<- onehot results

[2018/11/15 19:14:59: 135] epoch[00000005] lr[0.009950 ~ 0.009940] - learning : loss=0.007949, accuracy=0.998883
onehot results -->
learning : total 60000
layer : uid = 8
	0 class : target 5923, output 5926, accord 5922
	1 class : target 6742, output 6745, accord 6735
	2 class : target 5958, output 5957, accord 5955
	3 class : target 6131, output 6131, accord 6126
	4 class : target 5842, output 5843, accord 5833
	5 class : target 5421, output 5420, accord 5417
	6 class : target 5918, output 5919, accord 5913
	7 class : target 6265, output 6270, accord 6257
	8 class : target 5851, output 5846, accord 5841
	9 class : target 5949, output 5943, accord 5934
<- onehot results

[2018/11/15 19:15:01: 887] epoch[00000006] lr[0.009940 ~ 0.009930] - learning : loss=0.006249, accuracy=0.999267
onehot results -->
learning : total 60000
layer : uid = 8
	0 class : target 5923, output 5925, accord 5922
	1 class : target 6742, output 6745, accord 6738
	2 class : target 5958, output 5957, accord 5955
	3 class : target 6131, output 6130, accord 6126
	4 class : target 5842, output 5842, accord 5837
	5 class : target 5421, output 5420, accord 5418
	6 class : target 5918, output 5921, accord 5916
	7 class : target 6265, output 6272, accord 6261
	8 class : target 5851, output 5847, accord 5845
	9 class : target 5949, output 5941, accord 5938
<- onehot results

[2018/11/15 19:15:02: 458] <---- end of training ----- last epoch[8]

